20:51:18: Creating resource group General
20:51:18: Creating resource group Internal
20:51:18: Creating resource group Autodetect
20:51:18: SceneManagerFactory for type 'DefaultSceneManager' registered.
20:51:18: Registering ResourceManager for type Material
20:51:18: Registering ResourceManager for type Mesh
20:51:18: Registering ResourceManager for type Skeleton
20:51:18: MovableObjectFactory for type 'ParticleSystem' registered.
20:51:18: OverlayElementFactory for type Panel registered.
20:51:18: OverlayElementFactory for type BorderPanel registered.
20:51:18: OverlayElementFactory for type TextArea registered.
20:51:18: Registering ResourceManager for type Font
20:51:18: ArchiveFactory for archive type FileSystem registered.
20:51:18: ArchiveFactory for archive type Zip registered.
20:51:18: ArchiveFactory for archive type EmbeddedZip registered.
20:51:18: DDS codec registering
20:51:18: FreeImage version: 3.15.3
20:51:18: This program uses FreeImage, a free, open source image library supporting all common bitmap formats. See http://freeimage.sourceforge.net for details
20:51:18: Supported formats: bmp,ico,jpg,jif,jpeg,jpe,jng,koa,iff,lbm,mng,pbm,pbm,pcd,pcx,pgm,pgm,png,ppm,ppm,ras,tga,targa,tif,tiff,wap,wbmp,wbm,psd,cut,xbm,xpm,gif,hdr,g3,sgi,exr,j2k,j2c,jp2,pfm,pct,pict,pic,3fr,arw,bay,bmq,cap,cine,cr2,crw,cs1,dc2,dcr,drf,dsc,dng,erf,fff,ia,iiq,k25,kc2,kdc,mdc,mef,mos,mrw,nef,nrw,orf,pef,ptx,pxn,qtk,raf,raw,rdc,rw2,rwl,rwz,sr2,srf,srw,sti
20:51:18: Registering ResourceManager for type HighLevelGpuProgram
20:51:18: Registering ResourceManager for type Compositor
20:51:18: MovableObjectFactory for type 'Entity' registered.
20:51:18: MovableObjectFactory for type 'Light' registered.
20:51:18: MovableObjectFactory for type 'BillboardSet' registered.
20:51:18: MovableObjectFactory for type 'ManualObject' registered.
20:51:18: MovableObjectFactory for type 'BillboardChain' registered.
20:51:18: MovableObjectFactory for type 'RibbonTrail' registered.
20:51:18: OGRE EXCEPTION(6:FileNotFoundException): 'plugins_d.cfg' file not found! in ConfigFile::load at ..\..\..\..\OgreMain\src\OgreConfigFile.cpp (line 88)
20:51:18: plugins_d.cfg not found, automatic plugin loading disabled.
20:51:18: *-*-* OGRE Initialising
20:51:18: *-*-* Version 1.8.0 (Byatis)
20:51:18: OGRE EXCEPTION(6:FileNotFoundException): 'resources_d.cfg' file not found! in ConfigFile::load at ..\..\..\..\OgreMain\src\OgreConfigFile.cpp (line 88)
20:51:22: *-*-* OGRE Shutdown
20:51:22: Unregistering ResourceManager for type Compositor
20:51:22: Unregistering ResourceManager for type Font
20:51:22: Unregistering ResourceManager for type Skeleton
20:51:22: Unregistering ResourceManager for type Mesh
20:51:22: Unregistering ResourceManager for type HighLevelGpuProgram
20:51:22: Unregistering ResourceManager for type Material
